<?xml version="1.0" encoding="UTF-8"?>
<!-- Generated by org.testng.reporters.JUnitReportReporter -->
<testsuite hostname="DESKTOP-1GAP9LQ" failures="0" tests="3" name="TestNG.GroupExecution" time="0.013" errors="0" timestamp="2023-06-23T11:49:35 BST" skipped="0">
  <testcase classname="TestNG.GroupExecution" name="custLogin" time="0.011">
    <system-out>
      <![CDATA[cust login]]>
    </system-out>
  </testcase> <!-- custLogin -->
  <testcase classname="TestNG.GroupExecution" name="userUpdate" time="0.001">
    <system-out>
      <![CDATA[user update]]>
    </system-out>
  </testcase> <!-- userUpdate -->
  <testcase classname="TestNG.GroupExecution" name="userLogin" time="0.001">
    <system-out>
      <![CDATA[user login]]>
    </system-out>
  </testcase> <!-- userLogin -->
  <system-out>
    <![CDATA[cust login
user login
user update]]>
  </system-out>
</testsuite> <!-- TestNG.GroupExecution -->
