<?xml version="1.0" encoding="UTF-8"?>
<!-- Generated by org.testng.reporters.JUnitReportReporter -->
<testsuite hostname="DESKTOP-1GAP9LQ" failures="0" tests="1" name="TestNG.PrintMessage" time="0.017" errors="0" timestamp="2023-06-22T11:31:00 BST" skipped="0">
  <testcase classname="TestNG.PrintMessage" name="m1" time="0.017">
    <system-out>
      <![CDATA[hello world
hello world]]>
    </system-out>
  </testcase> <!-- m1 -->
  <system-out>
    <![CDATA[hello world
hello world]]>
  </system-out>
</testsuite> <!-- TestNG.PrintMessage -->
