<?xml version="1.0" encoding="UTF-8"?>
<!-- Generated by org.testng.reporters.JUnitReportReporter -->
<testsuite hostname="DESKTOP-1GAP9LQ" failures="0" tests="4" name="TestNG.A" time="0.029" errors="0" timestamp="2023-06-23T09:39:17 BST" skipped="0">
  <testcase classname="TestNG.A" name="register" time="0.018">
    <system-out>
      <![CDATA[registered]]>
    </system-out>
  </testcase> <!-- register -->
  <testcase classname="TestNG.A" name="login" time="0.002">
    <system-out>
      <![CDATA[login]]>
    </system-out>
  </testcase> <!-- login -->
  <testcase classname="TestNG.A" name="del" time="0.004">
    <system-out>
      <![CDATA[delete]]>
    </system-out>
  </testcase> <!-- del -->
  <testcase classname="TestNG.A" name="edit" time="0.005">
    <system-out>
      <![CDATA[edit]]>
    </system-out>
  </testcase> <!-- edit -->
  <system-out>
    <![CDATA[registered
login
delete
edit]]>
  </system-out>
</testsuite> <!-- TestNG.A -->
