<?xml version="1.0" encoding="UTF-8"?>
<!-- Generated by org.testng.reporters.JUnitReportReporter -->
<testsuite hostname="DESKTOP-1GAP9LQ" failures="0" tests="5" name="TestNG.Dataproviders" time="0.026" errors="0" timestamp="2023-06-22T12:07:06 BST" skipped="0">
  <testcase classname="TestNG.Dataproviders" name="register" time="0.003">
    <system-out>
      <![CDATA[5 registered]]>
    </system-out>
  </testcase> <!-- register -->
  <testcase classname="TestNG.Dataproviders" name="register" time="0.014">
    <system-out>
      <![CDATA[hetal registered]]>
    </system-out>
  </testcase> <!-- register -->
  <testcase classname="TestNG.Dataproviders" name="register" time="0.002">
    <system-out>
      <![CDATA[b registered]]>
    </system-out>
  </testcase> <!-- register -->
  <testcase classname="TestNG.Dataproviders" name="register" time="0.002">
    <system-out>
      <![CDATA[true registered]]>
    </system-out>
  </testcase> <!-- register -->
  <testcase classname="TestNG.Dataproviders" name="register" time="0.005">
    <system-out>
      <![CDATA[1 registered]]>
    </system-out>
  </testcase> <!-- register -->
  <system-out>
    <![CDATA[hetal registered
b registered
1 registered
true registered
5 registered]]>
  </system-out>
</testsuite> <!-- TestNG.Dataproviders -->
