<?xml version="1.0" encoding="UTF-8"?>
<!-- Generated by org.testng.reporters.JUnitReportReporter -->
<testsuite hostname="DESKTOP-1GAP9LQ" failures="0" tests="10" name="TestNG.IC" time="0.039" errors="0" timestamp="2023-06-22T11:51:14 BST" skipped="0">
  <testcase classname="TestNG.IC" name="register" time="0.001">
    <system-out>
      <![CDATA[A registered]]>
    </system-out>
  </testcase> <!-- register -->
  <testcase classname="TestNG.IC" name="register" time="0.002">
    <system-out>
      <![CDATA[A registered]]>
    </system-out>
  </testcase> <!-- register -->
  <testcase classname="TestNG.IC" name="register" time="0.001">
    <system-out>
      <![CDATA[A registered]]>
    </system-out>
  </testcase> <!-- register -->
  <testcase classname="TestNG.IC" name="register" time="0.002">
    <system-out>
      <![CDATA[A registered]]>
    </system-out>
  </testcase> <!-- register -->
  <testcase classname="TestNG.IC" name="register" time="0.005">
    <system-out>
      <![CDATA[A registered]]>
    </system-out>
  </testcase> <!-- register -->
  <testcase classname="TestNG.IC" name="register" time="0.016">
    <system-out>
      <![CDATA[A registered]]>
    </system-out>
  </testcase> <!-- register -->
  <testcase classname="TestNG.IC" name="register" time="0.003">
    <system-out>
      <![CDATA[A registered]]>
    </system-out>
  </testcase> <!-- register -->
  <testcase classname="TestNG.IC" name="register" time="0.004">
    <system-out>
      <![CDATA[A registered]]>
    </system-out>
  </testcase> <!-- register -->
  <testcase classname="TestNG.IC" name="register" time="0.002">
    <system-out>
      <![CDATA[A registered]]>
    </system-out>
  </testcase> <!-- register -->
  <testcase classname="TestNG.IC" name="register" time="0.003">
    <system-out>
      <![CDATA[A registered]]>
    </system-out>
  </testcase> <!-- register -->
  <system-out>
    <![CDATA[A registered
A registered
A registered
A registered
A registered
A registered
A registered
A registered
A registered
A registered]]>
  </system-out>
</testsuite> <!-- TestNG.IC -->
