<?xml version="1.0" encoding="UTF-8"?>
<!-- Generated by org.testng.reporters.JUnitReportReporter -->
<testsuite hostname="DESKTOP-1GAP9LQ" failures="0" tests="2" name="TestNG.Precondition" time="0.031" errors="0" timestamp="2023-06-22T12:19:01 BST" skipped="0">
  <testcase classname="TestNG.Precondition" name="register" time="0.026">
    <system-out>
      <![CDATA[user register]]>
    </system-out>
  </testcase> <!-- register -->
  <testcase classname="TestNG.Precondition" name="edit" time="0.005">
    <system-out>
      <![CDATA[user edited]]>
    </system-out>
  </testcase> <!-- edit -->
  <system-out>
    <![CDATA[open Browser,true
user register
close Browser,true
open Browser,true
user edited
close Browser,true]]>
  </system-out>
</testsuite> <!-- TestNG.Precondition -->
